2024-09-17 11:38:08 Loading main app package /usr/lib/obsidian/obsidian.asar
2024-09-17 11:38:09 Checking for update using Github
2024-09-17 11:38:09 Success.
2024-09-17 11:38:09 Latest version is 1.6.7
2024-09-17 11:38:09 App is up to date.
2024-09-17 12:04:34 Loading main app package /usr/lib/obsidian/obsidian.asar
2024-09-17 12:04:34 Checking for update using Github
2024-09-17 12:04:34 Success.
2024-09-17 12:04:34 Latest version is 1.6.7
2024-09-17 12:04:34 App is up to date.
2024-09-21 00:16:11 Loading main app package /usr/lib/obsidian/obsidian.asar
2024-09-21 00:16:11 Checking for update using Github
2024-09-21 00:16:12 Success.
2024-09-21 00:16:12 Latest version is 1.6.7
2024-09-21 00:16:12 App is up to date.
2024-09-21 00:16:32 Loading main app package /usr/lib/obsidian/obsidian.asar
2024-09-21 00:16:33 Checking for update using Github
2024-09-21 00:16:33 Success.
2024-09-21 00:16:33 Latest version is 1.6.7
2024-09-21 00:16:33 App is up to date.
2024-09-21 00:16:43 Loading main app package /usr/lib/obsidian/obsidian.asar
2024-09-21 00:16:43 Checking for update using Github
2024-09-21 20:53:38 Loading main app package /usr/lib/obsidian/obsidian.asar
2024-09-21 20:53:39 Checking for update using Github
2024-09-21 20:53:39 Success.
2024-09-21 20:53:39 Latest version is 1.6.7
2024-09-21 20:53:39 App is up to date.
2024-09-21 20:59:03 Loading main app package /usr/lib/obsidian/obsidian.asar
2024-09-21 20:59:03 Checking for update using Github
2024-09-21 20:59:04 Success.
2024-09-21 20:59:04 Latest version is 1.6.7
2024-09-21 20:59:04 App is up to date.
2024-09-21 21:01:08 Loading main app package /usr/lib/obsidian/obsidian.asar
2024-09-21 21:01:08 Checking for update using Github
2024-09-21 21:01:08 Success.
2024-09-21 21:01:08 Latest version is 1.6.7
2024-09-21 21:01:08 App is up to date.
2024-09-24 21:00:51 Loading main app package /usr/lib/obsidian/obsidian.asar
2024-09-24 21:00:51 Checking for update using Github
2024-09-24 21:00:52 Success.
2024-09-24 21:00:52 Latest version is 1.6.7
2024-09-24 21:00:52 App is up to date.
2024-09-24 22:00:51 Checking for update using Github
2024-09-24 22:00:51 Success.
2024-09-24 22:00:51 Latest version is 1.6.7
2024-09-24 22:00:51 App is up to date.
2024-09-25 20:53:15 Checking for update using Github
2024-09-25 20:53:15 Success.
2024-09-25 20:53:15 Latest version is 1.6.7
2024-09-25 20:53:15 App is up to date.
2024-09-25 21:53:15 Checking for update using Github
2024-09-25 21:53:15 Success.
2024-09-25 21:53:15 Latest version is 1.6.7
2024-09-25 21:53:15 App is up to date.
2024-09-26 19:54:08 Checking for update using Github
2024-09-26 19:54:08 Success.
2024-09-26 19:54:08 Latest version is 1.6.7
2024-09-26 19:54:08 App is up to date.
2024-09-26 20:54:08 Checking for update using Github
2024-09-26 20:54:08 Success.
2024-09-26 20:54:08 Latest version is 1.6.7
2024-09-26 20:54:08 App is up to date.
2024-09-28 11:16:28 Checking for update using Github
2024-09-28 11:16:28 Success.
2024-09-28 11:16:28 Latest version is 1.6.7
2024-09-28 11:16:28 App is up to date.
